
*** Running vivado
    with args -log uart_top_VIO.vds -m64 -product Vivado -mode batch -messageDb vivado.pb -notrace -source uart_top_VIO.tcl


****** Vivado v2018.1 (64-bit)
  **** SW Build 2188600 on Wed Apr  4 18:40:38 MDT 2018
  **** IP Build 2185939 on Wed Apr  4 20:55:05 MDT 2018
    ** Copyright 1986-2018 Xilinx, Inc. All Rights Reserved.

source uart_top_VIO.tcl -notrace
Command: synth_design -top uart_top_VIO -part xc7z010clg400-1 -flatten_hierarchy full
Starting synth_design
Attempting to get a license for feature 'Synthesis' and/or device 'xc7z010'
INFO: [Common 17-349] Got license for feature 'Synthesis' and/or device 'xc7z010'
INFO: Launching helper process for spawning children vivado processes
INFO: Helper process launched with PID 5100 
---------------------------------------------------------------------------------
Starting RTL Elaboration : Time (s): cpu = 00:00:05 ; elapsed = 00:00:05 . Memory (MB): peak = 378.148 ; gain = 99.258
---------------------------------------------------------------------------------
INFO: [Synth 8-638] synthesizing module 'uart_top_VIO' [C:/Users/thony/OneDrive/Escritorio/Maestria/CLP/codigos/practica2/Sintesis/practica2/practica2.srcs/sources_1/new/uart_top_VIO.vhd:12]
INFO: [Synth 8-3491] module 'uart_top' declared at 'C:/Users/thony/OneDrive/Escritorio/Maestria/CLP/codigos/practica2/Fuentes/uart_top.vhd:24' bound to instance 'uart_top_instance' of component 'uart_top' [C:/Users/thony/OneDrive/Escritorio/Maestria/CLP/codigos/practica2/Sintesis/practica2/practica2.srcs/sources_1/new/uart_top_VIO.vhd:39]
INFO: [Synth 8-638] synthesizing module 'uart_top' [C:/Users/thony/OneDrive/Escritorio/Maestria/CLP/codigos/practica2/Fuentes/uart_top.vhd:36]
	Parameter BAUD_RATE bound to: 115200 - type: integer 
	Parameter CLOCK_RATE bound to: 125000000 - type: integer 
INFO: [Synth 8-3491] module 'uart_led' declared at 'C:/Users/thony/OneDrive/Escritorio/Maestria/CLP/codigos/practica2/Fuentes/uart_led.vhd:28' bound to instance 'U0' of component 'uart_led' [C:/Users/thony/OneDrive/Escritorio/Maestria/CLP/codigos/practica2/Fuentes/uart_top.vhd:55]
INFO: [Synth 8-638] synthesizing module 'uart_led' [C:/Users/thony/OneDrive/Escritorio/Maestria/CLP/codigos/practica2/Fuentes/uart_led.vhd:43]
	Parameter BAUD_RATE bound to: 115200 - type: integer 
	Parameter CLOCK_RATE bound to: 125000000 - type: integer 
INFO: [Synth 8-3491] module 'meta_harden' declared at 'C:/Users/thony/OneDrive/Escritorio/Maestria/CLP/codigos/practica2/Fuentes/meta_harden.vhd:27' bound to instance 'meta_harden_rst_i0' of component 'meta_harden' [C:/Users/thony/OneDrive/Escritorio/Maestria/CLP/codigos/practica2/Fuentes/uart_led.vhd:98]
INFO: [Synth 8-638] synthesizing module 'meta_harden' [C:/Users/thony/OneDrive/Escritorio/Maestria/CLP/codigos/practica2/Fuentes/meta_harden.vhd:36]
INFO: [Synth 8-256] done synthesizing module 'meta_harden' (1#1) [C:/Users/thony/OneDrive/Escritorio/Maestria/CLP/codigos/practica2/Fuentes/meta_harden.vhd:36]
INFO: [Synth 8-3491] module 'meta_harden' declared at 'C:/Users/thony/OneDrive/Escritorio/Maestria/CLP/codigos/practica2/Fuentes/meta_harden.vhd:27' bound to instance 'meta_harden_btn_i0' of component 'meta_harden' [C:/Users/thony/OneDrive/Escritorio/Maestria/CLP/codigos/practica2/Fuentes/uart_led.vhd:107]
	Parameter BAUD_RATE bound to: 115200 - type: integer 
	Parameter CLOCK_RATE bound to: 125000000 - type: integer 
INFO: [Synth 8-3491] module 'uart_rx' declared at 'C:/Users/thony/OneDrive/Escritorio/Maestria/CLP/codigos/practica2/Fuentes/uart_rx.vhd:38' bound to instance 'uart_rx_i0' of component 'uart_rx' [C:/Users/thony/OneDrive/Escritorio/Maestria/CLP/codigos/practica2/Fuentes/uart_led.vhd:115]
INFO: [Synth 8-638] synthesizing module 'uart_rx' [C:/Users/thony/OneDrive/Escritorio/Maestria/CLP/codigos/practica2/Fuentes/uart_rx.vhd:58]
	Parameter BAUD_RATE bound to: 115200 - type: integer 
	Parameter CLOCK_RATE bound to: 125000000 - type: integer 
INFO: [Synth 8-3491] module 'meta_harden' declared at 'C:/Users/thony/OneDrive/Escritorio/Maestria/CLP/codigos/practica2/Fuentes/meta_harden.vhd:27' bound to instance 'meta_harden_rxd_i0' of component 'meta_harden' [C:/Users/thony/OneDrive/Escritorio/Maestria/CLP/codigos/practica2/Fuentes/uart_rx.vhd:108]
	Parameter BAUD_RATE bound to: 115200 - type: integer 
	Parameter CLOCK_RATE bound to: 125000000 - type: integer 
INFO: [Synth 8-3491] module 'uart_baud_gen' declared at 'C:/Users/thony/OneDrive/Escritorio/Maestria/CLP/codigos/practica2/Fuentes/uart_baud_gen.vhd:36' bound to instance 'uart_baud_gen_rx_i0' of component 'uart_baud_gen' [C:/Users/thony/OneDrive/Escritorio/Maestria/CLP/codigos/practica2/Fuentes/uart_rx.vhd:116]
INFO: [Synth 8-638] synthesizing module 'uart_baud_gen' [C:/Users/thony/OneDrive/Escritorio/Maestria/CLP/codigos/practica2/Fuentes/uart_baud_gen.vhd:50]
	Parameter BAUD_RATE bound to: 115200 - type: integer 
	Parameter CLOCK_RATE bound to: 125000000 - type: integer 
INFO: [Synth 8-256] done synthesizing module 'uart_baud_gen' (2#1) [C:/Users/thony/OneDrive/Escritorio/Maestria/CLP/codigos/practica2/Fuentes/uart_baud_gen.vhd:50]
INFO: [Synth 8-3491] module 'uart_rx_ctl' declared at 'C:/Users/thony/OneDrive/Escritorio/Maestria/CLP/codigos/practica2/Fuentes/uart_rx_ctl.vhd:53' bound to instance 'uart_rx_ctl_i0' of component 'uart_rx_ctl' [C:/Users/thony/OneDrive/Escritorio/Maestria/CLP/codigos/practica2/Fuentes/uart_rx.vhd:127]
INFO: [Synth 8-638] synthesizing module 'uart_rx_ctl' [C:/Users/thony/OneDrive/Escritorio/Maestria/CLP/codigos/practica2/Fuentes/uart_rx_ctl.vhd:70]
INFO: [Synth 8-226] default block is never used [C:/Users/thony/OneDrive/Escritorio/Maestria/CLP/codigos/practica2/Fuentes/uart_rx_ctl.vhd:95]
INFO: [Synth 8-256] done synthesizing module 'uart_rx_ctl' (3#1) [C:/Users/thony/OneDrive/Escritorio/Maestria/CLP/codigos/practica2/Fuentes/uart_rx_ctl.vhd:70]
INFO: [Synth 8-256] done synthesizing module 'uart_rx' (4#1) [C:/Users/thony/OneDrive/Escritorio/Maestria/CLP/codigos/practica2/Fuentes/uart_rx.vhd:58]
INFO: [Synth 8-3491] module 'led_ctl' declared at 'C:/Users/thony/OneDrive/Escritorio/Maestria/CLP/codigos/practica2/Fuentes/led_ctl.vhd:27' bound to instance 'led_ctl_i0' of component 'led_ctl' [C:/Users/thony/OneDrive/Escritorio/Maestria/CLP/codigos/practica2/Fuentes/uart_led.vhd:132]
INFO: [Synth 8-638] synthesizing module 'led_ctl' [C:/Users/thony/OneDrive/Escritorio/Maestria/CLP/codigos/practica2/Fuentes/led_ctl.vhd:39]
WARNING: [Synth 8-614] signal 'led_pipeline_reg' is read in the process but is not in the sensitivity list [C:/Users/thony/OneDrive/Escritorio/Maestria/CLP/codigos/practica2/Fuentes/led_ctl.vhd:45]
WARNING: [Synth 8-6014] Unused sequential element led_o_reg was removed.  [C:/Users/thony/OneDrive/Escritorio/Maestria/CLP/codigos/practica2/Fuentes/led_ctl.vhd:51]
INFO: [Synth 8-256] done synthesizing module 'led_ctl' (5#1) [C:/Users/thony/OneDrive/Escritorio/Maestria/CLP/codigos/practica2/Fuentes/led_ctl.vhd:39]
INFO: [Synth 8-256] done synthesizing module 'uart_led' (6#1) [C:/Users/thony/OneDrive/Escritorio/Maestria/CLP/codigos/practica2/Fuentes/uart_led.vhd:43]
INFO: [Synth 8-256] done synthesizing module 'uart_top' (7#1) [C:/Users/thony/OneDrive/Escritorio/Maestria/CLP/codigos/practica2/Fuentes/uart_top.vhd:36]
INFO: [Synth 8-3491] module 'vio_0' declared at 'C:/Users/thony/OneDrive/Escritorio/Maestria/CLP/codigos/practica2/Sintesis/practica2/practica2.runs/synth_2/.Xil/Vivado-7308-DESKTOP-VKP0780/realtime/vio_0_stub.v:6' bound to instance 'uart_top_vio_instance' of component 'vio_0' [C:/Users/thony/OneDrive/Escritorio/Maestria/CLP/codigos/practica2/Sintesis/practica2/practica2.srcs/sources_1/new/uart_top_VIO.vhd:49]
INFO: [Synth 8-6157] synthesizing module 'vio_0' [C:/Users/thony/OneDrive/Escritorio/Maestria/CLP/codigos/practica2/Sintesis/practica2/practica2.runs/synth_2/.Xil/Vivado-7308-DESKTOP-VKP0780/realtime/vio_0_stub.v:6]
INFO: [Synth 8-6155] done synthesizing module 'vio_0' (8#1) [C:/Users/thony/OneDrive/Escritorio/Maestria/CLP/codigos/practica2/Sintesis/practica2/practica2.runs/synth_2/.Xil/Vivado-7308-DESKTOP-VKP0780/realtime/vio_0_stub.v:6]
INFO: [Synth 8-6071] Mark debug on the nets applies keep_hierarchy on instance 'uart_top_instance'. This will prevent further optimization [C:/Users/thony/OneDrive/Escritorio/Maestria/CLP/codigos/practica2/Sintesis/practica2/practica2.srcs/sources_1/new/uart_top_VIO.vhd:39]
INFO: [Synth 8-6071] Mark debug on the nets applies keep_hierarchy on instance 'uart_top_vio_instance'. This will prevent further optimization [C:/Users/thony/OneDrive/Escritorio/Maestria/CLP/codigos/practica2/Sintesis/practica2/practica2.srcs/sources_1/new/uart_top_VIO.vhd:49]
INFO: [Synth 8-256] done synthesizing module 'uart_top_VIO' (9#1) [C:/Users/thony/OneDrive/Escritorio/Maestria/CLP/codigos/practica2/Sintesis/practica2/practica2.srcs/sources_1/new/uart_top_VIO.vhd:12]
---------------------------------------------------------------------------------
Finished RTL Elaboration : Time (s): cpu = 00:00:06 ; elapsed = 00:00:06 . Memory (MB): peak = 432.594 ; gain = 153.703
---------------------------------------------------------------------------------

Report Check Netlist: 
+------+------------------+-------+---------+-------+------------------+
|      |Item              |Errors |Warnings |Status |Description       |
+------+------------------+-------+---------+-------+------------------+
|1     |multi_driven_nets |      0|        0|Passed |Multi driven nets |
+------+------------------+-------+---------+-------+------------------+
---------------------------------------------------------------------------------
Start Handling Custom Attributes
---------------------------------------------------------------------------------
---------------------------------------------------------------------------------
Finished Handling Custom Attributes : Time (s): cpu = 00:00:06 ; elapsed = 00:00:06 . Memory (MB): peak = 432.594 ; gain = 153.703
---------------------------------------------------------------------------------
---------------------------------------------------------------------------------
Finished RTL Optimization Phase 1 : Time (s): cpu = 00:00:06 ; elapsed = 00:00:06 . Memory (MB): peak = 432.594 ; gain = 153.703
---------------------------------------------------------------------------------
INFO: [Device 21-403] Loading part xc7z010clg400-1
INFO: [Project 1-570] Preparing netlist for logic optimization

Processing XDC Constraints
Initializing timing engine
Parsing XDC File [c:/Users/thony/OneDrive/Escritorio/Maestria/CLP/codigos/practica2/Sintesis/practica2/practica2.srcs/sources_1/ip/vio_0/vio_0/vio_0_in_context.xdc] for cell 'uart_top_vio_instance'
Finished Parsing XDC File [c:/Users/thony/OneDrive/Escritorio/Maestria/CLP/codigos/practica2/Sintesis/practica2/practica2.srcs/sources_1/ip/vio_0/vio_0/vio_0_in_context.xdc] for cell 'uart_top_vio_instance'
Parsing XDC File [C:/Users/thony/OneDrive/Escritorio/Maestria/CLP/codigos/practica2/Fuentes/lab2_ArtyZ7_10.xdc]
Finished Parsing XDC File [C:/Users/thony/OneDrive/Escritorio/Maestria/CLP/codigos/practica2/Fuentes/lab2_ArtyZ7_10.xdc]
INFO: [Project 1-236] Implementation specific constraints were found while reading constraint file [C:/Users/thony/OneDrive/Escritorio/Maestria/CLP/codigos/practica2/Fuentes/lab2_ArtyZ7_10.xdc]. These constraints will be ignored for synthesis but will be used in implementation. Impacted constraints are listed in the file [.Xil/uart_top_VIO_propImpl.xdc].
Resolution: To avoid this warning, move constraints listed in [.Xil/uart_top_VIO_propImpl.xdc] to another XDC file and exclude this new file from synthesis with the used_in_synthesis property (File Properties dialog in GUI) and re-run elaboration/synthesis.
Completed Processing XDC Constraints

INFO: [Project 1-111] Unisim Transformation Summary:
No Unisim elements were transformed.

Constraint Validation Runtime : Time (s): cpu = 00:00:00 ; elapsed = 00:00:00.002 . Memory (MB): peak = 762.047 ; gain = 0.000
---------------------------------------------------------------------------------
Finished Constraint Validation : Time (s): cpu = 00:00:18 ; elapsed = 00:00:20 . Memory (MB): peak = 762.047 ; gain = 483.156
---------------------------------------------------------------------------------
---------------------------------------------------------------------------------
Start Loading Part and Timing Information
---------------------------------------------------------------------------------
Loading part: xc7z010clg400-1
---------------------------------------------------------------------------------
Finished Loading Part and Timing Information : Time (s): cpu = 00:00:18 ; elapsed = 00:00:20 . Memory (MB): peak = 762.047 ; gain = 483.156
---------------------------------------------------------------------------------
---------------------------------------------------------------------------------
Start Applying 'set_property' XDC Constraints
---------------------------------------------------------------------------------
Applied set_property DONT_TOUCH = true for uart_top_vio_instance. (constraint file  auto generated constraint, line ).
---------------------------------------------------------------------------------
Finished applying 'set_property' XDC Constraints : Time (s): cpu = 00:00:18 ; elapsed = 00:00:20 . Memory (MB): peak = 762.047 ; gain = 483.156
---------------------------------------------------------------------------------
INFO: [Synth 8-5546] ROM "baud_x16_en_reg" won't be mapped to RAM because it is too sparse
INFO: [Synth 8-802] inferred FSM for state register 'state_reg' in module 'uart_rx_ctl'
INFO: [Synth 8-5544] ROM "over_sample_cnt_done" won't be mapped to Block RAM because address size (4) smaller than threshold (5)
INFO: [Synth 8-5544] ROM "bit_cnt_done" won't be mapped to Block RAM because address size (3) smaller than threshold (5)
INFO: [Synth 8-5544] ROM "bit_cnt" won't be mapped to Block RAM because address size (2) smaller than threshold (5)
INFO: [Synth 8-5544] ROM "bit_cnt" won't be mapped to Block RAM because address size (2) smaller than threshold (5)
INFO: [Synth 8-5544] ROM "state" won't be mapped to Block RAM because address size (1) smaller than threshold (5)
---------------------------------------------------------------------------------------------------
                   State |                     New Encoding |                Previous Encoding 
---------------------------------------------------------------------------------------------------
                 iSTATE1 |                               00 |                               00
                  iSTATE |                               01 |                               01
                 iSTATE0 |                               10 |                               10
                 iSTATE2 |                               11 |                               11
---------------------------------------------------------------------------------------------------
INFO: [Synth 8-3354] encoded FSM with state register 'state_reg' using encoding 'sequential' in module 'uart_rx_ctl'
---------------------------------------------------------------------------------
Finished RTL Optimization Phase 2 : Time (s): cpu = 00:00:18 ; elapsed = 00:00:20 . Memory (MB): peak = 762.047 ; gain = 483.156
---------------------------------------------------------------------------------

Report RTL Partitions: 
+-+--------------+------------+----------+
| |RTL Partition |Replication |Instances |
+-+--------------+------------+----------+
+-+--------------+------------+----------+
---------------------------------------------------------------------------------
Start RTL Component Statistics 
---------------------------------------------------------------------------------
Detailed RTL Component Info : 
+---Adders : 
	   2 Input      7 Bit       Adders := 1     
	   2 Input      4 Bit       Adders := 1     
	   2 Input      3 Bit       Adders := 1     
+---Registers : 
	                8 Bit    Registers := 2     
	                7 Bit    Registers := 1     
	                4 Bit    Registers := 2     
	                3 Bit    Registers := 1     
	                2 Bit    Registers := 1     
	                1 Bit    Registers := 10    
+---Muxes : 
	   2 Input      8 Bit        Muxes := 2     
	   2 Input      4 Bit        Muxes := 3     
	   4 Input      2 Bit        Muxes := 1     
	   2 Input      2 Bit        Muxes := 2     
	   6 Input      2 Bit        Muxes := 1     
	   2 Input      1 Bit        Muxes := 10    
	   4 Input      1 Bit        Muxes := 1     
---------------------------------------------------------------------------------
Finished RTL Component Statistics 
---------------------------------------------------------------------------------
---------------------------------------------------------------------------------
Start RTL Hierarchical Component Statistics 
---------------------------------------------------------------------------------
Hierarchical RTL Component report 
Module meta_harden 
Detailed RTL Component Info : 
+---Registers : 
	                1 Bit    Registers := 2     
Module uart_baud_gen 
Detailed RTL Component Info : 
+---Adders : 
	   2 Input      7 Bit       Adders := 1     
+---Registers : 
	                7 Bit    Registers := 1     
	                1 Bit    Registers := 1     
+---Muxes : 
	   2 Input      1 Bit        Muxes := 1     
Module uart_rx_ctl 
Detailed RTL Component Info : 
+---Adders : 
	   2 Input      4 Bit       Adders := 1     
	   2 Input      3 Bit       Adders := 1     
+---Registers : 
	                8 Bit    Registers := 1     
	                4 Bit    Registers := 1     
	                3 Bit    Registers := 1     
	                2 Bit    Registers := 1     
	                1 Bit    Registers := 2     
+---Muxes : 
	   2 Input      8 Bit        Muxes := 2     
	   2 Input      4 Bit        Muxes := 2     
	   4 Input      2 Bit        Muxes := 1     
	   2 Input      2 Bit        Muxes := 2     
	   6 Input      2 Bit        Muxes := 1     
	   2 Input      1 Bit        Muxes := 9     
	   4 Input      1 Bit        Muxes := 1     
Module led_ctl 
Detailed RTL Component Info : 
+---Registers : 
	                8 Bit    Registers := 1     
	                4 Bit    Registers := 1     
	                1 Bit    Registers := 1     
+---Muxes : 
	   2 Input      4 Bit        Muxes := 1     
---------------------------------------------------------------------------------
Finished RTL Hierarchical Component Statistics
---------------------------------------------------------------------------------
---------------------------------------------------------------------------------
Start Part Resource Summary
---------------------------------------------------------------------------------
Part Resources:
DSPs: 80 (col length:40)
BRAMs: 120 (col length: RAMB18 40 RAMB36 20)
---------------------------------------------------------------------------------
Finished Part Resource Summary
---------------------------------------------------------------------------------
---------------------------------------------------------------------------------
Start Cross Boundary and Area Optimization
---------------------------------------------------------------------------------
Warning: Parallel synthesis criteria is not met 
WARNING: [Synth 8-6014] Unused sequential element U0/uart_rx_i0/uart_rx_ctl_i0/frm_err_reg was removed.  [C:/Users/thony/OneDrive/Escritorio/Maestria/CLP/codigos/practica2/Fuentes/uart_rx_ctl.vhd:222]
INFO: [Synth 8-5546] ROM "U0/uart_rx_i0/uart_baud_gen_rx_i0/baud_x16_en_reg" won't be mapped to RAM because it is too sparse
---------------------------------------------------------------------------------
Finished Cross Boundary and Area Optimization : Time (s): cpu = 00:00:19 ; elapsed = 00:00:21 . Memory (MB): peak = 762.047 ; gain = 483.156
---------------------------------------------------------------------------------

Report RTL Partitions: 
+-+--------------+------------+----------+
| |RTL Partition |Replication |Instances |
+-+--------------+------------+----------+
+-+--------------+------------+----------+
---------------------------------------------------------------------------------
Start Applying XDC Timing Constraints
---------------------------------------------------------------------------------
---------------------------------------------------------------------------------
Finished Applying XDC Timing Constraints : Time (s): cpu = 00:00:27 ; elapsed = 00:00:30 . Memory (MB): peak = 764.023 ; gain = 485.133
---------------------------------------------------------------------------------
---------------------------------------------------------------------------------
Start Timing Optimization
---------------------------------------------------------------------------------
---------------------------------------------------------------------------------
Finished Timing Optimization : Time (s): cpu = 00:00:27 ; elapsed = 00:00:30 . Memory (MB): peak = 764.164 ; gain = 485.273
---------------------------------------------------------------------------------

Report RTL Partitions: 
+-+--------------+------------+----------+
| |RTL Partition |Replication |Instances |
+-+--------------+------------+----------+
+-+--------------+------------+----------+
---------------------------------------------------------------------------------
Start Technology Mapping
---------------------------------------------------------------------------------
---------------------------------------------------------------------------------
Finished Technology Mapping : Time (s): cpu = 00:00:27 ; elapsed = 00:00:30 . Memory (MB): peak = 783.746 ; gain = 504.855
---------------------------------------------------------------------------------

Report RTL Partitions: 
+-+--------------+------------+----------+
| |RTL Partition |Replication |Instances |
+-+--------------+------------+----------+
+-+--------------+------------+----------+
---------------------------------------------------------------------------------
Start IO Insertion
---------------------------------------------------------------------------------
---------------------------------------------------------------------------------
Start Flattening Before IO Insertion
---------------------------------------------------------------------------------
---------------------------------------------------------------------------------
Finished Flattening Before IO Insertion
---------------------------------------------------------------------------------
---------------------------------------------------------------------------------
Start Final Netlist Cleanup
---------------------------------------------------------------------------------
---------------------------------------------------------------------------------
Finished Final Netlist Cleanup
---------------------------------------------------------------------------------
---------------------------------------------------------------------------------
Finished IO Insertion : Time (s): cpu = 00:00:28 ; elapsed = 00:00:31 . Memory (MB): peak = 783.746 ; gain = 504.855
---------------------------------------------------------------------------------

Report Check Netlist: 
+------+------------------+-------+---------+-------+------------------+
|      |Item              |Errors |Warnings |Status |Description       |
+------+------------------+-------+---------+-------+------------------+
|1     |multi_driven_nets |      0|        0|Passed |Multi driven nets |
+------+------------------+-------+---------+-------+------------------+
---------------------------------------------------------------------------------
Start Renaming Generated Instances
---------------------------------------------------------------------------------
---------------------------------------------------------------------------------
Finished Renaming Generated Instances : Time (s): cpu = 00:00:28 ; elapsed = 00:00:31 . Memory (MB): peak = 783.746 ; gain = 504.855
---------------------------------------------------------------------------------

Report RTL Partitions: 
+-+--------------+------------+----------+
| |RTL Partition |Replication |Instances |
+-+--------------+------------+----------+
+-+--------------+------------+----------+
---------------------------------------------------------------------------------
Start Handling Custom Attributes
---------------------------------------------------------------------------------
---------------------------------------------------------------------------------
Finished Handling Custom Attributes : Time (s): cpu = 00:00:28 ; elapsed = 00:00:31 . Memory (MB): peak = 783.746 ; gain = 504.855
---------------------------------------------------------------------------------
---------------------------------------------------------------------------------
Start Writing Synthesis Report
---------------------------------------------------------------------------------

Report BlackBoxes: 
+------+--------------+----------+
|      |BlackBox name |Instances |
+------+--------------+----------+
|1     |vio_0         |         1|
+------+--------------+----------+

Report Cell Usage: 
+------+------+------+
|      |Cell  |Count |
+------+------+------+
|1     |vio_0 |     1|
|2     |BUFG  |     1|
|3     |LUT1  |     2|
|4     |LUT2  |     4|
|5     |LUT3  |     8|
|6     |LUT4  |     6|
|7     |LUT5  |    24|
|8     |LUT6  |    11|
|9     |FDRE  |    44|
|10    |FDSE  |     3|
|11    |IBUF  |     2|
+------+------+------+

Report Instance Areas: 
+------+--------------------+---------+------+
|      |Instance            |Module   |Cells |
+------+--------------------+---------+------+
|1     |top                 |         |   107|
|2     |  uart_top_instance |uart_top |   102|
+------+--------------------+---------+------+
---------------------------------------------------------------------------------
Finished Writing Synthesis Report : Time (s): cpu = 00:00:28 ; elapsed = 00:00:31 . Memory (MB): peak = 783.746 ; gain = 504.855
---------------------------------------------------------------------------------
Synthesis finished with 0 errors, 0 critical warnings and 1 warnings.
Synthesis Optimization Runtime : Time (s): cpu = 00:00:15 ; elapsed = 00:00:23 . Memory (MB): peak = 783.746 ; gain = 175.402
Synthesis Optimization Complete : Time (s): cpu = 00:00:28 ; elapsed = 00:00:31 . Memory (MB): peak = 783.746 ; gain = 504.855
INFO: [Project 1-571] Translating synthesized netlist
INFO: [Netlist 29-17] Analyzing 2 Unisim elements for replacement
INFO: [Netlist 29-28] Unisim Transformation completed in 0 CPU seconds
INFO: [Project 1-570] Preparing netlist for logic optimization
INFO: [Opt 31-138] Pushed 0 inverter(s) to 0 load pin(s).
INFO: [Project 1-111] Unisim Transformation Summary:
No Unisim elements were transformed.

INFO: [Common 17-83] Releasing license: Synthesis
52 Infos, 3 Warnings, 0 Critical Warnings and 0 Errors encountered.
synth_design completed successfully
synth_design: Time (s): cpu = 00:00:30 ; elapsed = 00:00:34 . Memory (MB): peak = 786.117 ; gain = 515.918
INFO: [Common 17-1381] The checkpoint 'C:/Users/thony/OneDrive/Escritorio/Maestria/CLP/codigos/practica2/Sintesis/practica2/practica2.runs/synth_2/uart_top_VIO.dcp' has been generated.
INFO: [runtcl-4] Executing : report_utilization -file uart_top_VIO_utilization_synth.rpt -pb uart_top_VIO_utilization_synth.pb
report_utilization: Time (s): cpu = 00:00:00 ; elapsed = 00:00:00.014 . Memory (MB): peak = 786.117 ; gain = 0.000
INFO: [Common 17-206] Exiting Vivado at Mon Apr  8 19:39:23 2024...
