* ******************************************************************************

* iCEcube Placer

* Version:            2020.12.27943

* Build Date:         Dec  9 2020 17:55:50

* File Generated:     Apr 1 2024 21:53:44

* Purpose:            

* Copyright (C) 2006-2010 by Lattice Semiconductor Corp. All rights reserved.

* ******************************************************************************

Executing : C:\lscc\iCEcube2.2020.12\sbt_backend\bin\win32\opt\sbtplacer.exe --des-lib C:/Users/thony/OneDrive/Escritorio/Maestria/CLP/codigos/sumador1b/Sintesis/sum1b/sum1b_Implmnt\sbt\netlist\oadb-sum1b --outdir C:/Users/thony/OneDrive/Escritorio/Maestria/CLP/codigos/sumador1b/Sintesis/sum1b/sum1b_Implmnt\sbt\outputs\placer --device-file C:\lscc\iCEcube2.2020.12\sbt_backend\devices\ICE40T05.dev --package SG48 --deviceMarketName iCE40UP5K --sdc-file C:/Users/thony/OneDrive/Escritorio/Maestria/CLP/codigos/sumador1b/Sintesis/sum1b/sum1b_Implmnt\sbt\Temp/sbt_temp.sdc --lib-file C:\lscc\iCEcube2.2020.12\sbt_backend\devices\ice40UP5K.lib --effort_level std --out-sdc-file C:/Users/thony/OneDrive/Escritorio/Maestria/CLP/codigos/sumador1b/Sintesis/sum1b/sum1b_Implmnt\sbt\outputs\placer\sum1b_pl.sdc
I2004: Option and Settings Summary
=============================================================
Device file          - C:\lscc\iCEcube2.2020.12\sbt_backend\devices\ICE40T05.dev
Package              - SG48
Design database      - C:/Users/thony/OneDrive/Escritorio/Maestria/CLP/codigos/sumador1b/Sintesis/sum1b/sum1b_Implmnt\sbt\netlist\oadb-sum1b
SDC file             - C:/Users/thony/OneDrive/Escritorio/Maestria/CLP/codigos/sumador1b/Sintesis/sum1b/sum1b_Implmnt\sbt\Temp/sbt_temp.sdc
Output directory     - C:/Users/thony/OneDrive/Escritorio/Maestria/CLP/codigos/sumador1b/Sintesis/sum1b/sum1b_Implmnt\sbt\outputs\placer
Timing library       - C:\lscc\iCEcube2.2020.12\sbt_backend\devices\ice40UP5K.lib
Effort level         - std

I2050: Starting reading inputs for placer
=============================================================
I2100: Reading design library: C:/Users/thony/OneDrive/Escritorio/Maestria/CLP/codigos/sumador1b/Sintesis/sum1b/sum1b_Implmnt\sbt\netlist\oadb-sum1b/BFPGA_DESIGN_ep
I2065: Reading device file : C:\lscc\iCEcube2.2020.12\sbt_backend\devices\ICE40T05.dev
I2051: Reading of inputs for placer completed successfully

I2053: Starting placement of the design
=============================================================

Input Design Statistics
    Number of LUTs      	:	2
    Number of DFFs      	:	0
    Number of DFFs packed to IO	:	0
    Number of Carrys    	:	0
    Number of RAMs      	:	0
    Number of ROMs      	:	0
    Number of IOs       	:	5
    Number of GBIOs     	:	0
    Number of GBs       	:	0
    Number of WarmBoot  	:	0
    Number of PLLs      	:	0
    Number of I2Cs      	:	0
    Number of SPIs      	:	0
    Number of DSPs     	:	0
    Number of SBIOODs     	:	0
    Number of LEDDAIPs     	:	0
    Number of RGBADRVs     	:	0
    Number of LFOSCs     	:	0
    Number of HFOSCs     	:	0
    Number of FILTER_50NSs     	:	0
    Number of SPRAMs     	:	0


Phase 1
I2077: Start design legalization

Design Legalization Statistics
    Number of feedthru LUTs inserted to legalize input of DFFs     	:	0
    Number of feedthru LUTs inserted for LUTs driving multiple DFFs	:	0
    Number of LUTs replicated for LUTs driving multiple DFFs       	:	0
    Number of feedthru LUTs inserted to legalize output of CARRYs  	:	0
    Number of feedthru LUTs inserted to legalize global signals    	:	0
    Number of feedthru CARRYs inserted to legalize input of CARRYs 	:	0
    Number of inserted LUTs to Legalize IOs with PIN_TYPE= 01xxxx  	:	0
    Number of inserted LUTs to Legalize IOs with PIN_TYPE= 10xxxx  	:	0
    Number of inserted LUTs to Legalize IOs with PIN_TYPE= 11xxxx  	:	0
    Total LUTs inserted                                            	:	0
    Total CARRYs inserted                                          	:	0


I2078: Design legalization is completed successfully
I2088: Phase 1, elapsed time : 0.0 (sec)


Phase 2
I2088: Phase 2, elapsed time : 0.0 (sec)

Phase 3
W2659: No Constrained paths were found. The placer will run in non-timing driven mode.

Design Statistics after Packing
    Number of LUTs      	:	2
    Number of DFFs      	:	0
    Number of DFFs packed to IO	:	0
    Number of Carrys    	:	0

Device Utilization Summary after Packing
    Sequential LogicCells
        LUT and DFF      	:	0
        LUT, DFF and CARRY	:	0
    Combinational LogicCells
        Only LUT         	:	2
        CARRY Only       	:	0
        LUT with CARRY   	:	0
    LogicCells                  :	2/5280
    PLBs                        :	1/660
    BRAMs                       :	0/30
    IOs and GBIOs               :	5/36
    PLLs                        :	0/1
    I2Cs                        :	0/2
    SPIs                        :	0/2
    DSPs                        :	0/8
    SBIOODs                     :	0/3
    RGBADRVs                    :	0/1
    LEDDAIPs                    :	0/1
    LFOSCs                      :	0/1
    HFOSCs                      :	0/1
    SPRAMs                      :	0/4
    FILTER50NSs                 :	0/2


I2088: Phase 3, elapsed time : 0.3 (sec)

Phase 4
I2108: 0 SB_IO_I3C instances present in the design. 2 I3C IOs available in the device
I2088: Phase 4, elapsed time : 0.1 (sec)

Phase 5
I2088: Phase 5, elapsed time : 0.0 (sec)

Phase 6
I2088: Phase 6, elapsed time : 0.0 (sec)

Final Design Statistics
    Number of LUTs      	:	2
    Number of DFFs      	:	0
    Number of DFFs packed to IO	:	0
    Number of Carrys    	:	0
    Number of RAMs      	:	0
    Number of ROMs      	:	0
    Number of IOs       	:	5
    Number of GBIOs     	:	0
    Number of GBs       	:	0
    Number of WarmBoot  	:	0
    Number of PLLs      	:	0
    Number of I2Cs      	:	0
    Number of SPIs      	:	0
    Number of DSPs     	:	0
    Number of SBIOODs     	:	0
    Number of LEDDAIPs     	:	0
    Number of RGBADRVs     	:	0
    Number of LFOSCs     	:	0
    Number of HFOSCs     	:	0
    Number of FILTER_50NSs     	:	0
    Number of SPRAMs     	:	0

Device Utilization Summary
    LogicCells                  :	2/5280
    PLBs                        :	1/660
    BRAMs                       :	0/30
    IOs and GBIOs               :	5/36
    PLLs                        :	0/1
    I2Cs                        :	0/2
    SPIs                        :	0/2
    DSPs                        :	0/8
    SBIOODs                     :	0/3
    RGBADRVs                    :	0/1
    LEDDAIPs                    :	0/1
    LFOSCs                      :	0/1
    HFOSCs                      :	0/1
    SPRAMs                      :	0/4
    FILTER50NSs                 :	0/2


I2054: Placement of design completed successfully

I2076: Placer run-time: 0.8 sec.

