Running in Lattice mode


Starting:    C:\lscc\iCEcube2.2020.12\synpbase\bin64\mbin\synbatch.exe
Install:     C:\lscc\iCEcube2.2020.12\synpbase
Hostname:    DESKTOP-VKP0780
Date:        Mon Apr 01 20:55:46 2024
Version:     L-2016.09L+ice40

Arguments:   -product synplify_pro -batch sum1b_syn.prj
ProductType: synplify_pro





log file: "C:\Users\thony\OneDrive\Escritorio\Maestria\CLP\codigos\sumador1b\Sintesis\sum1b\sum1b_Implmnt\sum1b.srr"
Running: sum1b_Implmnt in foreground

Running sum1b_syn|sum1b_Implmnt

Running: compile (Compile) on sum1b_syn|sum1b_Implmnt
# Mon Apr 01 20:55:46 2024

Running: compile_flow (Compile Process) on sum1b_syn|sum1b_Implmnt
# Mon Apr 01 20:55:46 2024

Running: compiler (Compile Input) on sum1b_syn|sum1b_Implmnt
# Mon Apr 01 20:55:46 2024
Copied C:\Users\thony\OneDrive\Escritorio\Maestria\CLP\codigos\sumador1b\Sintesis\sum1b\sum1b_Implmnt\synwork\sum1b_comp.srs to C:\Users\thony\OneDrive\Escritorio\Maestria\CLP\codigos\sumador1b\Sintesis\sum1b\sum1b_Implmnt\sum1b.srs

compiler completed
# Mon Apr 01 20:55:47 2024

Return Code: 0
Run Time:00h:00m:01s

Running: multi_srs_gen (Multi-srs Generator) on sum1b_syn|sum1b_Implmnt
# Mon Apr 01 20:55:47 2024

multi_srs_gen completed
# Mon Apr 01 20:55:48 2024

Return Code: 0
Run Time:00h:00m:01s
Copied C:\Users\thony\OneDrive\Escritorio\Maestria\CLP\codigos\sumador1b\Sintesis\sum1b\sum1b_Implmnt\synwork\sum1b_mult.srs to C:\Users\thony\OneDrive\Escritorio\Maestria\CLP\codigos\sumador1b\Sintesis\sum1b\sum1b_Implmnt\sum1b.srs
Complete: Compile Process on sum1b_syn|sum1b_Implmnt

Running: premap (Pre-mapping) on sum1b_syn|sum1b_Implmnt
# Mon Apr 01 20:55:48 2024

premap completed
# Mon Apr 01 20:55:48 2024

Return Code: 0
Run Time:00h:00m:00s
Complete: Compile on sum1b_syn|sum1b_Implmnt

Running: map (Map) on sum1b_syn|sum1b_Implmnt
# Mon Apr 01 20:55:48 2024
License granted for 4 parallel jobs

Running: fpga_mapper (Map & Optimize) on sum1b_syn|sum1b_Implmnt
# Mon Apr 01 20:55:48 2024
Copied C:\Users\thony\OneDrive\Escritorio\Maestria\CLP\codigos\sumador1b\Sintesis\sum1b\sum1b_Implmnt\synwork\sum1b_m.srm to C:\Users\thony\OneDrive\Escritorio\Maestria\CLP\codigos\sumador1b\Sintesis\sum1b\sum1b_Implmnt\sum1b.srm

fpga_mapper completed
# Mon Apr 01 20:55:49 2024

Return Code: 0
Run Time:00h:00m:01s
Complete: Map on sum1b_syn|sum1b_Implmnt
Complete: Logic Synthesis on sum1b_syn|sum1b_Implmnt

exit status=0

exit status=0

